Command line:
   mux_4_to_1_tb_isim_beh.exe
     -simmode  gui
     -simrunnum  0
     -socket  59816

Sat Dec 12 17:07:46 2020


 Elaboration Time: 0.0625 sec

 Current Memory Usage: 5160.17 Meg

 Total Signals          : 16
 Total Nets             : 20
 Total Signal Drivers   : 8
 Total Blocks           : 3
 Total Primitive Blocks : 2
 Total Processes        : 12
 Total Traceable Variables  : 21
 Total Scalar Nets and Variables : 107
Total Line Count : 48

 Total Simulation Time: 0.078125 sec

 Current Memory Usage: 4688.31 Meg

Sat Dec 12 17:13:12 2020

